Determining if the pthread_create exist failed with the following output:
Change Dir: /home/cs104/cs104/hw-nyilkhan/hw5/CMakeFiles/CMakeTmp

Run Build Command:"/usr/bin/make" "cmTC_896eb/fast"
/usr/bin/make -f CMakeFiles/cmTC_896eb.dir/build.make CMakeFiles/cmTC_896eb.dir/build
make[1]: Entering directory '/home/cs104/cs104/hw-nyilkhan/hw5/CMakeFiles/CMakeTmp'
Building C object CMakeFiles/cmTC_896eb.dir/CheckSymbolExists.c.o
/usr/bin/cc     -o CMakeFiles/cmTC_896eb.dir/CheckSymbolExists.c.o   -c /home/cs104/cs104/hw-nyilkhan/hw5/CMakeFiles/CMakeTmp/CheckSymbolExists.c
Linking C executable cmTC_896eb
/usr/bin/cmake -E cmake_link_script CMakeFiles/cmTC_896eb.dir/link.txt --verbose=1
/usr/bin/cc       CMakeFiles/cmTC_896eb.dir/CheckSymbolExists.c.o  -o cmTC_896eb -rdynamic 
CMakeFiles/cmTC_896eb.dir/CheckSymbolExists.c.o: In function `main':
CheckSymbolExists.c:(.text+0x16): undefined reference to `pthread_create'
collect2: error: ld returned 1 exit status
CMakeFiles/cmTC_896eb.dir/build.make:97: recipe for target 'cmTC_896eb' failed
make[1]: *** [cmTC_896eb] Error 1
make[1]: Leaving directory '/home/cs104/cs104/hw-nyilkhan/hw5/CMakeFiles/CMakeTmp'
Makefile:126: recipe for target 'cmTC_896eb/fast' failed
make: *** [cmTC_896eb/fast] Error 2

File /home/cs104/cs104/hw-nyilkhan/hw5/CMakeFiles/CMakeTmp/CheckSymbolExists.c:
/* */
#include <pthread.h>

int main(int argc, char** argv)
{
  (void)argv;
#ifndef pthread_create
  return ((int*)(&pthread_create))[argc];
#else
  (void)argc;
  return 0;
#endif
}

Determining if the function pthread_create exists in the pthreads failed with the following output:
Change Dir: /home/cs104/cs104/hw-nyilkhan/hw5/CMakeFiles/CMakeTmp

Run Build Command:"/usr/bin/make" "cmTC_ae56c/fast"
/usr/bin/make -f CMakeFiles/cmTC_ae56c.dir/build.make CMakeFiles/cmTC_ae56c.dir/build
make[1]: Entering directory '/home/cs104/cs104/hw-nyilkhan/hw5/CMakeFiles/CMakeTmp'
Building C object CMakeFiles/cmTC_ae56c.dir/CheckFunctionExists.c.o
/usr/bin/cc    -DCHECK_FUNCTION_EXISTS=pthread_create   -o CMakeFiles/cmTC_ae56c.dir/CheckFunctionExists.c.o   -c /usr/share/cmake-3.5/Modules/CheckFunctionExists.c
Linking C executable cmTC_ae56c
/usr/bin/cmake -E cmake_link_script CMakeFiles/cmTC_ae56c.dir/link.txt --verbose=1
/usr/bin/cc   -DCHECK_FUNCTION_EXISTS=pthread_create    CMakeFiles/cmTC_ae56c.dir/CheckFunctionExists.c.o  -o cmTC_ae56c -rdynamic -lpthreads 
/usr/bin/ld: cannot find -lpthreads
collect2: error: ld returned 1 exit status
CMakeFiles/cmTC_ae56c.dir/build.make:97: recipe for target 'cmTC_ae56c' failed
make[1]: *** [cmTC_ae56c] Error 1
make[1]: Leaving directory '/home/cs104/cs104/hw-nyilkhan/hw5/CMakeFiles/CMakeTmp'
Makefile:126: recipe for target 'cmTC_ae56c/fast' failed
make: *** [cmTC_ae56c/fast] Error 2


